<?xml version="1.0" encoding="UTF-8"?>
<!-- Generated by org.testng.reporters.JUnitReportReporter -->
<testsuite hostname="DESKTOP-5NEEPGF" failures="0" tests="2" name="TestNg.group1" time="7.141" errors="0" timestamp="2024-05-31T15:48:22 IST" skipped="0">
  <testcase classname="TestNg.group1" name="test01" time="3.704"/>
  <system-out/>
  <testcase classname="TestNg.group1" name="test02" time="3.437"/>
  <system-out/>
</testsuite> <!-- TestNg.group1 -->
