<?xml version="1.0" encoding="UTF-8"?>
<!-- Generated by org.testng.reporters.JUnitReportReporter -->
<testsuite hostname="DESKTOP-5NEEPGF" failures="0" tests="3" name="TestNg.Enabled" time="0.009" errors="0" timestamp="2024-05-31T15:47:27 IST" skipped="1">
  <testcase classname="TestNg.Enabled" name="DBconnection2" time="0.001"/>
  <system-out/>
  <testcase classname="TestNg.Enabled" name="DBconnection1" time="0.008"/>
  <system-out/>
  <testcase classname="TestNg.Enabled" name="DBconnection3">
    <skipped/>
  </testcase> <!-- DBconnection3 -->
  <system-out/>
</testsuite> <!-- TestNg.Enabled -->
