<?xml version="1.0" encoding="UTF-8"?>
<!-- Generated by org.testng.reporters.JUnitReportReporter -->
<testsuite hostname="DESKTOP-5NEEPGF" failures="0" tests="2" name="TestNg.BatchExecution_2" time="7.171" errors="0" timestamp="2024-05-31T15:47:02 IST" skipped="0">
  <testcase classname="TestNg.BatchExecution_2" name="test01" time="4.622"/>
  <system-out/>
  <testcase classname="TestNg.BatchExecution_2" name="test02" time="2.549"/>
  <system-out/>
</testsuite> <!-- TestNg.BatchExecution_2 -->
