<?xml version="1.0" encoding="UTF-8"?>
<!-- Generated by org.testng.reporters.JUnitReportReporter -->
<testsuite hostname="DESKTOP-5NEEPGF" failures="0" tests="2" name="TestNg.group2" time="9.061" errors="0" timestamp="2024-05-31T15:48:22 IST" skipped="0">
  <testcase classname="TestNg.group2" name="test01" time="4.765"/>
  <system-out/>
  <testcase classname="TestNg.group2" name="test02" time="4.296"/>
  <system-out/>
</testsuite> <!-- TestNg.group2 -->
