<?xml version="1.0" encoding="UTF-8"?>
<!-- Generated by org.testng.reporters.JUnitReportReporter -->
<testsuite hostname="DESKTOP-5NEEPGF" failures="0" tests="2" name="TestNg.BaseClass" time="0.008" errors="0" timestamp="2024-05-26T15:19:51 IST" skipped="0">
  <testcase classname="TestNg.BaseClass" name="Script1" time="0.006"/>
  <system-out/>
  <testcase classname="TestNg.BaseClass" name="Script2" time="0.002"/>
  <system-out/>
</testsuite> <!-- TestNg.BaseClass -->
