<?xml version="1.0" encoding="UTF-8"?>
<!-- Generated by org.testng.reporters.JUnitReportReporter -->
<testsuite hostname="DESKTOP-5NEEPGF" failures="0" tests="3" name="TestNg.AlwaysRun" time="0.009" errors="0" timestamp="2024-05-28T23:22:15 IST" skipped="0">
  <testcase classname="TestNg.AlwaysRun" name="CBconnection3" time="0.001"/>
  <system-out/>
  <testcase classname="TestNg.AlwaysRun" name="DBconnection1" time="0.001"/>
  <system-out/>
  <testcase classname="TestNg.AlwaysRun" name="ABconnection2" time="0.007"/>
  <system-out/>
</testsuite> <!-- TestNg.AlwaysRun -->
