<?xml version="1.0" encoding="UTF-8"?>
<!-- Generated by org.testng.reporters.JUnitReportReporter -->
<testsuite hostname="DESKTOP-5NEEPGF" failures="0" tests="2" name="TestNg.parallel2" time="10.138" errors="0" timestamp="2024-05-26T16:03:39 IST" skipped="0">
  <testcase classname="TestNg.parallel2" name="test01" time="5.491"/>
  <system-out/>
  <testcase classname="TestNg.parallel2" name="test02" time="4.647"/>
  <system-out/>
</testsuite> <!-- TestNg.parallel2 -->
