<?xml version="1.0" encoding="UTF-8"?>
<!-- Generated by org.testng.reporters.JUnitReportReporter -->
<testsuite hostname="DESKTOP-5NEEPGF" failures="0" tests="6" name="TestNg.InvocationAndPriority" time="0.019" errors="0" timestamp="2024-05-28T23:23:21 IST" skipped="0">
  <testcase classname="TestNg.InvocationAndPriority" name="DBconnection1" time="0.010"/>
  <system-out/>
  <testcase classname="TestNg.InvocationAndPriority" name="DBconnection1" time="0.001"/>
  <system-out/>
  <testcase classname="TestNg.InvocationAndPriority" name="DBconnection3" time="0.002"/>
  <system-out/>
  <testcase classname="TestNg.InvocationAndPriority" name="DBconnection3" time="0.003"/>
  <system-out/>
  <testcase classname="TestNg.InvocationAndPriority" name="DBconnection2" time="0.001"/>
  <system-out/>
  <testcase classname="TestNg.InvocationAndPriority" name="DBconnection2" time="0.002"/>
  <system-out/>
</testsuite> <!-- TestNg.InvocationAndPriority -->
