<?xml version="1.0" encoding="UTF-8"?>
<!-- Generated by org.testng.reporters.JUnitReportReporter -->
<testsuite hostname="DESKTOP-5NEEPGF" failures="0" tests="2" name="TestNg.parallel1" time="7.990" errors="0" timestamp="2024-05-26T16:03:39 IST" skipped="0">
  <testcase classname="TestNg.parallel1" name="test01" time="4.894"/>
  <system-out/>
  <testcase classname="TestNg.parallel1" name="test02" time="3.096"/>
  <system-out/>
</testsuite> <!-- TestNg.parallel1 -->
