<?xml version="1.0" encoding="UTF-8"?>
<!-- Generated by org.testng.reporters.JUnitReportReporter -->
<testsuite hostname="DESKTOP-5NEEPGF" failures="0" tests="2" name="TestNg.BatchExecution_1" time="13.255" errors="0" timestamp="2024-05-31T15:46:40 IST" skipped="0">
  <testcase classname="TestNg.BatchExecution_1" name="test01" time="11.658"/>
  <system-out/>
  <testcase classname="TestNg.BatchExecution_1" name="test02" time="1.597"/>
  <system-out/>
</testsuite> <!-- TestNg.BatchExecution_1 -->
